2017/05/11T11:13:13 [main] INFO  cn.dceast.DemoApplication - Starting DemoApplication on Lenovo with PID 8660 (D:\IdeaWorkSpace\hawkeye\target\classes started by admin in D:\IdeaWorkSpace\hawkeye)
2017/05/11T11:13:13 [main] INFO  cn.dceast.DemoApplication - No active profile set, falling back to default profiles: default
2017/05/11T11:13:13 [main] INFO  o.s.b.c.e.AnnotationConfigEmbeddedWebApplicationContext - Refreshing org.springframework.boot.context.embedded.AnnotationConfigEmbeddedWebApplicationContext@40cb698e: startup date [Thu May 11 11:13:13 CST 2017]; root of context hierarchy
2017/05/11T11:13:15 [main] INFO  o.s.b.f.s.DefaultListableBeanFactory - Overriding bean definition for bean 'dataSource' with a different definition: replacing [Root bean: class [null]; scope=; abstract=false; lazyInit=false; autowireMode=3; dependencyCheck=0; autowireCandidate=true; primary=false; factoryBeanName=org.springframework.boot.autoconfigure.jdbc.DataSourceConfiguration$Generic; factoryMethodName=dataSource; initMethodName=null; destroyMethodName=(inferred); defined in class path resource [org/springframework/boot/autoconfigure/jdbc/DataSourceConfiguration$Generic.class]] with [Root bean: class [null]; scope=; abstract=false; lazyInit=false; autowireMode=3; dependencyCheck=0; autowireCandidate=true; primary=false; factoryBeanName=org.springframework.boot.autoconfigure.jdbc.DataSourceConfiguration$Hikari; factoryMethodName=dataSource; initMethodName=null; destroyMethodName=(inferred); defined in class path resource [org/springframework/boot/autoconfigure/jdbc/DataSourceConfiguration$Hikari.class]]
2017/05/11T11:13:15 [main] DEBUG o.m.s.b.a.MybatisAutoConfiguration - Searching for mappers annotated with @Mapper'
2017/05/11T11:13:15 [main] DEBUG o.m.s.b.a.MybatisAutoConfiguration - Using auto-configuration base package 'cn.dceast'
2017/05/11T11:13:15 [main] DEBUG o.m.s.mapper.ClassPathMapperScanner - Identified candidate component class: file [D:\IdeaWorkSpace\hawkeye\target\classes\cn\dceast\dao\ProgrammerMapper.class]
2017/05/11T11:13:15 [main] DEBUG o.m.s.mapper.ClassPathMapperScanner - Identified candidate component class: file [D:\IdeaWorkSpace\hawkeye\target\classes\cn\dceast\dao\UserMapper.class]
2017/05/11T11:13:15 [main] DEBUG o.m.s.mapper.ClassPathMapperScanner - Creating MapperFactoryBean with name 'programmerMapper' and 'cn.dceast.dao.ProgrammerMapper' mapperInterface
2017/05/11T11:13:15 [main] DEBUG o.m.s.mapper.ClassPathMapperScanner - Enabling autowire by type for MapperFactoryBean with name 'programmerMapper'.
2017/05/11T11:13:15 [main] DEBUG o.m.s.mapper.ClassPathMapperScanner - Creating MapperFactoryBean with name 'userMapper' and 'cn.dceast.dao.UserMapper' mapperInterface
2017/05/11T11:13:15 [main] DEBUG o.m.s.mapper.ClassPathMapperScanner - Enabling autowire by type for MapperFactoryBean with name 'userMapper'.
2017/05/11T11:13:16 [main] INFO  o.s.c.s.PostProcessorRegistrationDelegate$BeanPostProcessorChecker - Bean 'org.springframework.transaction.annotation.ProxyTransactionManagementConfiguration' of type [class org.springframework.transaction.annotation.ProxyTransactionManagementConfiguration$$EnhancerBySpringCGLIB$$b21ac17b] is not eligible for getting processed by all BeanPostProcessors (for example: not eligible for auto-proxying)
2017/05/11T11:13:17 [main] INFO  o.s.b.c.e.t.TomcatEmbeddedServletContainer - Tomcat initialized with port(s): 8080 (http)
2017/05/11T11:13:17 [main] INFO  o.a.catalina.core.StandardService - Starting service Tomcat
2017/05/11T11:13:17 [main] INFO  o.a.catalina.core.StandardEngine - Starting Servlet Engine: Apache Tomcat/8.5.6
2017/05/11T11:13:17 [localhost-startStop-1] INFO  o.a.c.c.C.[Tomcat].[localhost].[/] - Initializing Spring embedded WebApplicationContext
2017/05/11T11:13:17 [localhost-startStop-1] INFO  o.s.web.context.ContextLoader - Root WebApplicationContext: initialization completed in 3945 ms
2017/05/11T11:13:17 [localhost-startStop-1] INFO  o.s.b.w.s.ServletRegistrationBean - Mapping servlet: 'dispatcherServlet' to [/]
2017/05/11T11:13:17 [localhost-startStop-1] INFO  o.s.b.w.s.FilterRegistrationBean - Mapping filter: 'characterEncodingFilter' to: [/*]
2017/05/11T11:13:17 [localhost-startStop-1] INFO  o.s.b.w.s.FilterRegistrationBean - Mapping filter: 'hiddenHttpMethodFilter' to: [/*]
2017/05/11T11:13:17 [localhost-startStop-1] INFO  o.s.b.w.s.FilterRegistrationBean - Mapping filter: 'httpPutFormContentFilter' to: [/*]
2017/05/11T11:13:17 [localhost-startStop-1] INFO  o.s.b.w.s.FilterRegistrationBean - Mapping filter: 'requestContextFilter' to: [/*]
2017/05/11T11:13:18 [main] DEBUG o.m.spring.SqlSessionFactoryBean - Scanned package: 'tk.mybatis.springboot.model' for aliases
2017/05/11T11:13:18 [main] DEBUG o.m.spring.SqlSessionFactoryBean - Parsed configuration file: 'class path resource [mybatis-config.xml]'
2017/05/11T11:13:18 [main] DEBUG o.m.spring.SqlSessionFactoryBean - Parsed mapper file: 'file [D:\IdeaWorkSpace\hawkeye\target\classes\mapper\ProgrammerMapper.xml]'
2017/05/11T11:13:18 [main] DEBUG o.m.spring.SqlSessionFactoryBean - Parsed mapper file: 'file [D:\IdeaWorkSpace\hawkeye\target\classes\mapper\UserMapper.xml]'
2017/05/11T11:13:19 [main] DEBUG o.s.w.s.m.m.a.RequestMappingHandlerMapping - Looking for request mappings in application context: org.springframework.boot.context.embedded.AnnotationConfigEmbeddedWebApplicationContext@40cb698e: startup date [Thu May 11 11:13:13 CST 2017]; root of context hierarchy
2017/05/11T11:13:19 [main] DEBUG o.s.w.s.m.m.a.RequestMappingHandlerMapping - 1 request handler methods found on class cn.dceast.controller.ProgrammerController: {public java.lang.String cn.dceast.controller.ProgrammerController.getAllProgrammer(org.springframework.ui.ModelMap,javax.servlet.http.HttpServletRequest)={[/programmer/list],methods=[GET],produces=[application/json;charset=UTF-8]}}
2017/05/11T11:13:19 [main] INFO  o.s.w.s.m.m.a.RequestMappingHandlerMapping - Mapped "{[/programmer/list],methods=[GET],produces=[application/json;charset=UTF-8]}" onto public java.lang.String cn.dceast.controller.ProgrammerController.getAllProgrammer(org.springframework.ui.ModelMap,javax.servlet.http.HttpServletRequest)
2017/05/11T11:13:19 [main] DEBUG o.s.w.s.m.m.a.RequestMappingHandlerMapping - 1 request handler methods found on class cn.dceast.controller.UserController: {public java.lang.String cn.dceast.controller.UserController.getAllProgrammer(org.springframework.ui.ModelMap,javax.servlet.http.HttpServletRequest)={[/user/list],methods=[GET],produces=[application/json;charset=UTF-8]}}
2017/05/11T11:13:19 [main] INFO  o.s.w.s.m.m.a.RequestMappingHandlerMapping - Mapped "{[/user/list],methods=[GET],produces=[application/json;charset=UTF-8]}" onto public java.lang.String cn.dceast.controller.UserController.getAllProgrammer(org.springframework.ui.ModelMap,javax.servlet.http.HttpServletRequest)
2017/05/11T11:13:19 [main] DEBUG o.s.w.s.m.m.a.RequestMappingHandlerMapping - 1 request handler methods found on class springfox.documentation.swagger2.web.Swagger2Controller: {public org.springframework.http.ResponseEntity springfox.documentation.swagger2.web.Swagger2Controller.getDocumentation(java.lang.String,javax.servlet.http.HttpServletRequest)={[/v2/api-docs],methods=[GET],produces=[application/json || application/hal+json]}}
2017/05/11T11:13:19 [main] INFO  o.s.w.s.m.m.a.RequestMappingHandlerMapping - Mapped "{[/v2/api-docs],methods=[GET],produces=[application/json || application/hal+json]}" onto public org.springframework.http.ResponseEntity<springfox.documentation.spring.web.json.Json> springfox.documentation.swagger2.web.Swagger2Controller.getDocumentation(java.lang.String,javax.servlet.http.HttpServletRequest)
2017/05/11T11:13:19 [main] DEBUG o.s.w.s.m.m.a.RequestMappingHandlerMapping - 3 request handler methods found on class springfox.documentation.swagger.web.ApiResourceController: {org.springframework.http.ResponseEntity springfox.documentation.swagger.web.ApiResourceController.securityConfiguration()={[/swagger-resources/configuration/security]}, org.springframework.http.ResponseEntity springfox.documentation.swagger.web.ApiResourceController.swaggerResources()={[/swagger-resources]}, org.springframework.http.ResponseEntity springfox.documentation.swagger.web.ApiResourceController.uiConfiguration()={[/swagger-resources/configuration/ui]}}
2017/05/11T11:13:19 [main] INFO  o.s.w.s.m.m.a.RequestMappingHandlerMapping - Mapped "{[/swagger-resources/configuration/security]}" onto org.springframework.http.ResponseEntity<springfox.documentation.swagger.web.SecurityConfiguration> springfox.documentation.swagger.web.ApiResourceController.securityConfiguration()
2017/05/11T11:13:19 [main] INFO  o.s.w.s.m.m.a.RequestMappingHandlerMapping - Mapped "{[/swagger-resources]}" onto org.springframework.http.ResponseEntity<java.util.List<springfox.documentation.swagger.web.SwaggerResource>> springfox.documentation.swagger.web.ApiResourceController.swaggerResources()
2017/05/11T11:13:19 [main] INFO  o.s.w.s.m.m.a.RequestMappingHandlerMapping - Mapped "{[/swagger-resources/configuration/ui]}" onto org.springframework.http.ResponseEntity<springfox.documentation.swagger.web.UiConfiguration> springfox.documentation.swagger.web.ApiResourceController.uiConfiguration()
2017/05/11T11:13:19 [main] DEBUG o.s.w.s.m.m.a.RequestMappingHandlerMapping - 2 request handler methods found on class org.springframework.boot.autoconfigure.web.BasicErrorController: {public org.springframework.http.ResponseEntity org.springframework.boot.autoconfigure.web.BasicErrorController.error(javax.servlet.http.HttpServletRequest)={[/error]}, public org.springframework.web.servlet.ModelAndView org.springframework.boot.autoconfigure.web.BasicErrorController.errorHtml(javax.servlet.http.HttpServletRequest,javax.servlet.http.HttpServletResponse)={[/error],produces=[text/html]}}
2017/05/11T11:13:19 [main] INFO  o.s.w.s.m.m.a.RequestMappingHandlerMapping - Mapped "{[/error]}" onto public org.springframework.http.ResponseEntity<java.util.Map<java.lang.String, java.lang.Object>> org.springframework.boot.autoconfigure.web.BasicErrorController.error(javax.servlet.http.HttpServletRequest)
2017/05/11T11:13:19 [main] INFO  o.s.w.s.m.m.a.RequestMappingHandlerMapping - Mapped "{[/error],produces=[text/html]}" onto public org.springframework.web.servlet.ModelAndView org.springframework.boot.autoconfigure.web.BasicErrorController.errorHtml(javax.servlet.http.HttpServletRequest,javax.servlet.http.HttpServletResponse)
2017/05/11T11:13:20 [main] INFO  o.s.w.s.m.m.a.RequestMappingHandlerAdapter - Looking for @ControllerAdvice: org.springframework.boot.context.embedded.AnnotationConfigEmbeddedWebApplicationContext@40cb698e: startup date [Thu May 11 11:13:13 CST 2017]; root of context hierarchy
2017/05/11T11:13:20 [main] INFO  o.s.w.s.h.SimpleUrlHandlerMapping - Mapped URL path [/webjars/**] onto handler of type [class org.springframework.web.servlet.resource.ResourceHttpRequestHandler]
2017/05/11T11:13:20 [main] INFO  o.s.w.s.h.SimpleUrlHandlerMapping - Mapped URL path [/**] onto handler of type [class org.springframework.web.servlet.resource.ResourceHttpRequestHandler]
2017/05/11T11:13:20 [main] DEBUG o.s.w.s.m.m.a.ExceptionHandlerExceptionResolver - Looking for exception mappings: org.springframework.boot.context.embedded.AnnotationConfigEmbeddedWebApplicationContext@40cb698e: startup date [Thu May 11 11:13:13 CST 2017]; root of context hierarchy
2017/05/11T11:13:20 [main] INFO  o.s.w.s.m.m.a.ExceptionHandlerExceptionResolver - Detected @ExceptionHandler methods in globalExceptionHandler
2017/05/11T11:13:20 [main] INFO  o.s.w.s.h.SimpleUrlHandlerMapping - Mapped URL path [/**/favicon.ico] onto handler of type [class org.springframework.web.servlet.resource.ResourceHttpRequestHandler]
2017/05/11T11:13:21 [main] DEBUG o.m.s.b.a.MybatisAutoConfiguration - No org.mybatis.spring.mapper.MapperFactoryBean found.
2017/05/11T11:13:22 [main] INFO  o.s.j.e.a.AnnotationMBeanExporter - Registering beans for JMX exposure on startup
2017/05/11T11:13:22 [main] INFO  o.s.j.e.a.AnnotationMBeanExporter - Bean with name 'dataSource' has been autodetected for JMX exposure
2017/05/11T11:13:22 [main] INFO  o.s.j.e.a.AnnotationMBeanExporter - Located MBean 'dataSource': registering with JMX server as MBean [com.zaxxer.hikari:name=dataSource,type=HikariDataSource]
2017/05/11T11:13:22 [main] INFO  o.s.c.s.DefaultLifecycleProcessor - Starting beans in phase 2147483647
2017/05/11T11:13:22 [main] INFO  s.d.s.w.p.DocumentationPluginsBootstrapper - Context refreshed
2017/05/11T11:13:22 [main] INFO  s.d.s.w.p.DocumentationPluginsBootstrapper - Found 1 custom documentation plugin(s)
2017/05/11T11:13:22 [main] INFO  s.d.s.w.s.ApiListingReferenceScanner - Scanning for api listing references
2017/05/11T11:13:22 [main] WARN  s.d.s.w.r.p.ParameterDataTypeReader - Trying to infer dataType org.springframework.ui.ModelMap
2017/05/11T11:13:22 [main] WARN  s.d.s.w.r.p.ParameterDataTypeReader - Trying to infer dataType org.springframework.ui.ModelMap
2017/05/11T11:13:22 [main] INFO  s.d.s.w.r.o.CachingOperationNameGenerator - Generating unique operation named: getAllProgrammerUsingGET_1
2017/05/11T11:13:22 [main] INFO  o.a.coyote.http11.Http11NioProtocol - Initializing ProtocolHandler ["http-nio-8080"]
2017/05/11T11:13:22 [main] INFO  o.a.coyote.http11.Http11NioProtocol - Starting ProtocolHandler [http-nio-8080]
2017/05/11T11:13:22 [main] INFO  o.a.tomcat.util.net.NioSelectorPool - Using a shared selector for servlet write/read
2017/05/11T11:13:22 [main] INFO  o.s.b.c.e.t.TomcatEmbeddedServletContainer - Tomcat started on port(s): 8080 (http)
2017/05/11T11:13:22 [main] INFO  cn.dceast.DemoApplication - Started DemoApplication in 11.194 seconds (JVM running for 13.334)
